MIF/HEX Update report for part5
Thu Feb 06 04:32:15 2020
Quartus Prime Version 18.1.0 Build 625 09/12/2018 SJ Lite Edition


---------------------
; Table of Contents ;
---------------------
  1. Legal Notice
  2. MIF/HEX Update Summary
  3. MIF/HEX Update Processed Files
  4. MIF/HEX Update Messages



----------------
; Legal Notice ;
----------------
Copyright (C) 2018  Intel Corporation. All rights reserved.
Your use of Intel Corporation's design tools, logic functions 
and other software and tools, and its AMPP partner logic 
functions, and any output files from any of the foregoing 
(including device programming or simulation files), and any 
associated documentation or information are expressly subject 
to the terms and conditions of the Intel Program License 
Subscription Agreement, the Intel Quartus Prime License Agreement,
the Intel FPGA IP License Agreement, or other applicable license
agreement, including, without limitation, that your use is for
the sole purpose of programming logic devices manufactured by
Intel and sold by Intel or its authorized distributors.  Please
refer to the applicable agreement for further details.



+---------------------------------------------------------------+
; MIF/HEX Update Summary                                        ;
+-----------------------+---------------------------------------+
; MIF/HEX Update Status ; Successful - Thu Feb 06 04:32:15 2020 ;
; Revision Name         ; part5                                 ;
; Top-level Entity Name ; part5                                 ;
; Family                ; Cyclone V                             ;
; Device                ; 5CSEMA5F31C6                          ;
+-----------------------+---------------------------------------+


+---------------------------------------------------------------------------------------------------------------------------------------------------------+
; MIF/HEX Update Processed Files                                                                                                                          ;
+---------------------------------------------------------------------------------------------------------------------------------------------------------+
; File Name                                                                                                                                               ;
+---------------------------------------------------------------------------------------------------------------------------------------------------------+
; D:/Junho Sung/OneDrive/University of Toronto/01 - Courses/Year 2/Term 2/ECE243 - Computer Organization/Labs/2/Design_Files-2/part5.Verilog/inst_mem.mif ;
+---------------------------------------------------------------------------------------------------------------------------------------------------------+


+-------------------------+
; MIF/HEX Update Messages ;
+-------------------------+
Info: *******************************************************************
Info: Running Quartus Prime MIF/HEX Update
    Info: Version 18.1.0 Build 625 09/12/2018 SJ Lite Edition
    Info: Processing started: Thu Feb 06 04:32:10 2020
Info: Command: quartus_cdb part5 -c part5 --update_mif
Warning (18236): Number of processors has not been specified which may cause overloading on shared machines.  Set the global assignment NUM_PARALLEL_PROCESSORS in your QSF to an appropriate value for best performance.
Warning (113028): 158 out of 256 addresses are uninitialized. The Quartus Prime software will initialize them to "0". There are 1 warnings found, and 1 warnings are reported. File: D:/Junho Sung/OneDrive/University of Toronto/01 - Courses/Year 2/Term 2/ECE243 - Computer Organization/Labs/2/Design_Files-2/part5.Verilog/inst_mem.mif Line: 1
    Warning (113027): Addresses ranging from 98 to 255 are not initialized File: D:/Junho Sung/OneDrive/University of Toronto/01 - Courses/Year 2/Term 2/ECE243 - Computer Organization/Labs/2/Design_Files-2/part5.Verilog/inst_mem.mif Line: 1
Info (39024): Processed the following Memory Initialization File(s)
    Info (39025): Processed Memory Initialization File D:/Junho Sung/OneDrive/University of Toronto/01 - Courses/Year 2/Term 2/ECE243 - Computer Organization/Labs/2/Design_Files-2/part5.Verilog/inst_mem.mif File: D:/Junho Sung/OneDrive/University of Toronto/01 - Courses/Year 2/Term 2/ECE243 - Computer Organization/Labs/2/Design_Files-2/part5.Verilog/inst_mem.mif Line: 0
Info: Quartus Prime MIF/HEX Update was successful. 0 errors, 3 warnings
    Info: Peak virtual memory: 4943 megabytes
    Info: Processing ended: Thu Feb 06 04:32:15 2020
    Info: Elapsed time: 00:00:05
    Info: Total CPU time (on all processors): 00:00:04


